--------------------------------------------------------------------------------
[Mar 19, 2025 12:46:07.6 AM GMT:ERROR:refill_confirmation_tokens.cc(198)] Failed to get signed tokens
--------------------------------------------------------------------------------
[Mar 19, 2025 3:01:14.0 PM GMT:ERROR:rewards_service_impl.cc(294)] Restarting engine process after disconnect
--------------------------------------------------------------------------------
[Mar 19, 2025 8:15:38.7 PM GMT:ERROR:rewards_service_impl.cc(294)] Restarting engine process after disconnect
--------------------------------------------------------------------------------
[Mar 20, 2025 2:19:24.6 AM GMT:ERROR:rewards_service_impl.cc(294)] Restarting engine process after disconnect
--------------------------------------------------------------------------------
[Mar 20, 2025 12:25:59.1 PM GMT:ERROR:refill_confirmation_tokens.cc(198)] Failed to get signed tokens
--------------------------------------------------------------------------------
[Mar 21, 2025 3:24:11.5 PM GMT:ERROR:rewards_service_impl.cc(294)] Restarting engine process after disconnect
--------------------------------------------------------------------------------
[Mar 21, 2025 7:03:39.8 PM GMT:ERROR:rewards_service_impl.cc(294)] Restarting engine process after disconnect
--------------------------------------------------------------------------------
[Mar 22, 2025 1:33:55.1 AM GMT:ERROR:rewards_service_impl.cc(294)] Restarting engine process after disconnect
--------------------------------------------------------------------------------
[Mar 22, 2025 1:14:01.5 PM GMT:ERROR:rewards_service_impl.cc(294)] Restarting engine process after disconnect
--------------------------------------------------------------------------------
[Mar 23, 2025 4:58:42.8 PM GMT:ERROR:refill_confirmation_tokens.cc(198)] Failed to get signed tokens
--------------------------------------------------------------------------------
[Mar 24, 2025 1:35:36.5 AM GMT:ERROR:rewards_service_impl.cc(294)] Restarting engine process after disconnect
